                                 Started job on |	Sep 08 22:41:48
                             Started mapping on |	Sep 08 22:42:06
                                    Finished on |	Sep 08 22:50:34
       Mapping speed, Million of reads per hour |	158.45

                          Number of input reads |	22359354
                      Average input read length |	295
                                    UNIQUE READS:
                   Uniquely mapped reads number |	19984087
                        Uniquely mapped reads % |	89.38%
                          Average mapped length |	282.34
                       Number of splices: Total |	21426188
            Number of splices: Annotated (sjdb) |	21188699
                       Number of splices: GT/AG |	21156252
                       Number of splices: GC/AG |	189209
                       Number of splices: AT/AC |	18051
               Number of splices: Non-canonical |	62676
                      Mismatch rate per base, % |	0.34%
                         Deletion rate per base |	0.01%
                        Deletion average length |	1.98
                        Insertion rate per base |	0.01%
                       Insertion average length |	1.33
                             MULTI-MAPPING READS:
        Number of reads mapped to multiple loci |	1754687
             % of reads mapped to multiple loci |	7.85%
        Number of reads mapped to too many loci |	22775
             % of reads mapped to too many loci |	0.10%
                                  UNMAPPED READS:
       % of reads unmapped: too many mismatches |	0.00%
                 % of reads unmapped: too short |	2.66%
                     % of reads unmapped: other |	0.01%
                                  CHIMERIC READS:
                       Number of chimeric reads |	0
                            % of chimeric reads |	0.00%
