                                 Started job on |	Sep 08 22:30:21
                             Started mapping on |	Sep 08 22:31:08
                                    Finished on |	Sep 08 22:36:19
       Mapping speed, Million of reads per hour |	253.44

                          Number of input reads |	21894760
                      Average input read length |	295
                                    UNIQUE READS:
                   Uniquely mapped reads number |	18091976
                        Uniquely mapped reads % |	82.63%
                          Average mapped length |	282.73
                       Number of splices: Total |	12861972
            Number of splices: Annotated (sjdb) |	12706282
                       Number of splices: GT/AG |	12694983
                       Number of splices: GC/AG |	114646
                       Number of splices: AT/AC |	10861
               Number of splices: Non-canonical |	41482
                      Mismatch rate per base, % |	0.30%
                         Deletion rate per base |	0.01%
                        Deletion average length |	1.82
                        Insertion rate per base |	0.01%
                       Insertion average length |	1.32
                             MULTI-MAPPING READS:
        Number of reads mapped to multiple loci |	3114548
             % of reads mapped to multiple loci |	14.23%
        Number of reads mapped to too many loci |	22151
             % of reads mapped to too many loci |	0.10%
                                  UNMAPPED READS:
       % of reads unmapped: too many mismatches |	0.00%
                 % of reads unmapped: too short |	3.03%
                     % of reads unmapped: other |	0.01%
                                  CHIMERIC READS:
                       Number of chimeric reads |	0
                            % of chimeric reads |	0.00%
