                                 Started job on |	Sep 08 22:23:07
                             Started mapping on |	Sep 08 22:23:41
                                    Finished on |	Sep 08 22:30:11
       Mapping speed, Million of reads per hour |	229.25

                          Number of input reads |	24835801
                      Average input read length |	295
                                    UNIQUE READS:
                   Uniquely mapped reads number |	21664989
                        Uniquely mapped reads % |	87.23%
                          Average mapped length |	282.61
                       Number of splices: Total |	21959084
            Number of splices: Annotated (sjdb) |	21719017
                       Number of splices: GT/AG |	21678916
                       Number of splices: GC/AG |	199172
                       Number of splices: AT/AC |	19174
               Number of splices: Non-canonical |	61822
                      Mismatch rate per base, % |	0.33%
                         Deletion rate per base |	0.01%
                        Deletion average length |	1.89
                        Insertion rate per base |	0.01%
                       Insertion average length |	1.31
                             MULTI-MAPPING READS:
        Number of reads mapped to multiple loci |	2441360
             % of reads mapped to multiple loci |	9.83%
        Number of reads mapped to too many loci |	40737
             % of reads mapped to too many loci |	0.16%
                                  UNMAPPED READS:
       % of reads unmapped: too many mismatches |	0.00%
                 % of reads unmapped: too short |	2.77%
                     % of reads unmapped: other |	0.01%
                                  CHIMERIC READS:
                       Number of chimeric reads |	0
                            % of chimeric reads |	0.00%
