                                 Started job on |	Sep 08 22:43:25
                             Started mapping on |	Sep 08 22:43:37
                                    Finished on |	Sep 08 22:48:33
       Mapping speed, Million of reads per hour |	262.62

                          Number of input reads |	21592837
                      Average input read length |	296
                                    UNIQUE READS:
                   Uniquely mapped reads number |	16043455
                        Uniquely mapped reads % |	74.30%
                          Average mapped length |	282.96
                       Number of splices: Total |	3295053
            Number of splices: Annotated (sjdb) |	3240583
                       Number of splices: GT/AG |	3239567
                       Number of splices: GC/AG |	29839
                       Number of splices: AT/AC |	3088
               Number of splices: Non-canonical |	22559
                      Mismatch rate per base, % |	0.32%
                         Deletion rate per base |	0.01%
                        Deletion average length |	1.65
                        Insertion rate per base |	0.01%
                       Insertion average length |	1.21
                             MULTI-MAPPING READS:
        Number of reads mapped to multiple loci |	4762696
             % of reads mapped to multiple loci |	22.06%
        Number of reads mapped to too many loci |	6214
             % of reads mapped to too many loci |	0.03%
                                  UNMAPPED READS:
       % of reads unmapped: too many mismatches |	0.00%
                 % of reads unmapped: too short |	3.61%
                     % of reads unmapped: other |	0.00%
                                  CHIMERIC READS:
                       Number of chimeric reads |	0
                            % of chimeric reads |	0.00%
