                                 Started job on |	Sep 08 22:36:26
                             Started mapping on |	Sep 08 22:37:01
                                    Finished on |	Sep 08 22:43:31
       Mapping speed, Million of reads per hour |	229.81

                          Number of input reads |	24895565
                      Average input read length |	294
                                    UNIQUE READS:
                   Uniquely mapped reads number |	22272820
                        Uniquely mapped reads % |	89.47%
                          Average mapped length |	282.21
                       Number of splices: Total |	22500777
            Number of splices: Annotated (sjdb) |	22240777
                       Number of splices: GT/AG |	22219274
                       Number of splices: GC/AG |	193688
                       Number of splices: AT/AC |	20028
               Number of splices: Non-canonical |	67787
                      Mismatch rate per base, % |	0.34%
                         Deletion rate per base |	0.01%
                        Deletion average length |	1.93
                        Insertion rate per base |	0.01%
                       Insertion average length |	1.33
                             MULTI-MAPPING READS:
        Number of reads mapped to multiple loci |	1927087
             % of reads mapped to multiple loci |	7.74%
        Number of reads mapped to too many loci |	38583
             % of reads mapped to too many loci |	0.15%
                                  UNMAPPED READS:
       % of reads unmapped: too many mismatches |	0.00%
                 % of reads unmapped: too short |	2.63%
                     % of reads unmapped: other |	0.01%
                                  CHIMERIC READS:
                       Number of chimeric reads |	0
                            % of chimeric reads |	0.00%
