                                 Started job on |	Sep 08 22:26:10
                             Started mapping on |	Sep 08 22:26:51
                                    Finished on |	Sep 08 22:35:31
       Mapping speed, Million of reads per hour |	173.53

                          Number of input reads |	25065328
                      Average input read length |	295
                                    UNIQUE READS:
                   Uniquely mapped reads number |	21481441
                        Uniquely mapped reads % |	85.70%
                          Average mapped length |	282.50
                       Number of splices: Total |	20180033
            Number of splices: Annotated (sjdb) |	19959839
                       Number of splices: GT/AG |	19926378
                       Number of splices: GC/AG |	178753
                       Number of splices: AT/AC |	15599
               Number of splices: Non-canonical |	59303
                      Mismatch rate per base, % |	0.33%
                         Deletion rate per base |	0.01%
                        Deletion average length |	1.88
                        Insertion rate per base |	0.01%
                       Insertion average length |	1.31
                             MULTI-MAPPING READS:
        Number of reads mapped to multiple loci |	2881950
             % of reads mapped to multiple loci |	11.50%
        Number of reads mapped to too many loci |	33459
             % of reads mapped to too many loci |	0.13%
                                  UNMAPPED READS:
       % of reads unmapped: too many mismatches |	0.00%
                 % of reads unmapped: too short |	2.66%
                     % of reads unmapped: other |	0.01%
                                  CHIMERIC READS:
                       Number of chimeric reads |	0
                            % of chimeric reads |	0.00%
