                                 Started job on |	Sep 08 22:26:22
                             Started mapping on |	Sep 08 22:27:05
                                    Finished on |	Sep 08 22:34:49
       Mapping speed, Million of reads per hour |	195.56

                          Number of input reads |	25206066
                      Average input read length |	295
                                    UNIQUE READS:
                   Uniquely mapped reads number |	21436214
                        Uniquely mapped reads % |	85.04%
                          Average mapped length |	282.59
                       Number of splices: Total |	19634126
            Number of splices: Annotated (sjdb) |	19414442
                       Number of splices: GT/AG |	19382170
                       Number of splices: GC/AG |	177254
                       Number of splices: AT/AC |	16770
               Number of splices: Non-canonical |	57932
                      Mismatch rate per base, % |	0.33%
                         Deletion rate per base |	0.01%
                        Deletion average length |	1.88
                        Insertion rate per base |	0.01%
                       Insertion average length |	1.30
                             MULTI-MAPPING READS:
        Number of reads mapped to multiple loci |	3089846
             % of reads mapped to multiple loci |	12.26%
        Number of reads mapped to too many loci |	31590
             % of reads mapped to too many loci |	0.13%
                                  UNMAPPED READS:
       % of reads unmapped: too many mismatches |	0.00%
                 % of reads unmapped: too short |	2.57%
                     % of reads unmapped: other |	0.01%
                                  CHIMERIC READS:
                       Number of chimeric reads |	0
                            % of chimeric reads |	0.00%
