                                 Started job on |	Sep 08 22:24:27
                             Started mapping on |	Sep 08 22:25:06
                                    Finished on |	Sep 08 22:31:40
       Mapping speed, Million of reads per hour |	221.32

                          Number of input reads |	24222038
                      Average input read length |	295
                                    UNIQUE READS:
                   Uniquely mapped reads number |	21374723
                        Uniquely mapped reads % |	88.24%
                          Average mapped length |	282.77
                       Number of splices: Total |	21691980
            Number of splices: Annotated (sjdb) |	21411546
                       Number of splices: GT/AG |	21417359
                       Number of splices: GC/AG |	192980
                       Number of splices: AT/AC |	18704
               Number of splices: Non-canonical |	62937
                      Mismatch rate per base, % |	0.31%
                         Deletion rate per base |	0.01%
                        Deletion average length |	1.93
                        Insertion rate per base |	0.01%
                       Insertion average length |	1.33
                             MULTI-MAPPING READS:
        Number of reads mapped to multiple loci |	2163501
             % of reads mapped to multiple loci |	8.93%
        Number of reads mapped to too many loci |	33069
             % of reads mapped to too many loci |	0.14%
                                  UNMAPPED READS:
       % of reads unmapped: too many mismatches |	0.00%
                 % of reads unmapped: too short |	2.68%
                     % of reads unmapped: other |	0.01%
                                  CHIMERIC READS:
                       Number of chimeric reads |	0
                            % of chimeric reads |	0.00%
